<?xml version="1.0" encoding="UTF-8"?>
<testsuite errors="0" failures="0" name="parser_tests.ParserTest-20170408181015" skipped="0" tests="1" time="0.001">
	<testcase classname="parser_tests.ParserTest" name="testParseMatrix" time="0.001"/>
	<system-out>
<![CDATA[]]>	</system-out>
	<system-err>
<![CDATA[]]>	</system-err>
</testsuite>
