<?xml version="1.0" encoding="UTF-8"?>
<testsuite errors="0" failures="0" name="main_tests.MainTest-20170316005156" skipped="0" tests="1" time="0.000">
	<testcase classname="main_tests.MainTest" name="testMain" time="0.000"/>
	<system-out>
<![CDATA[[ 1  2  ]
[ 2  1  ]

test
]]>	</system-out>
	<system-err>
<![CDATA[]]>	</system-err>
</testsuite>
