<?xml version="1.0" encoding="UTF-8"?>
<testsuite errors="0" failures="1" name="matrix_tests.MatrixTest-20170322160141" skipped="0" tests="3" time="0.001">
	<testcase classname="matrix_tests.MatrixTest" name="testChangeRows" time="0.000"/>
	<testcase classname="matrix_tests.MatrixTest" name="testMultiplyRows" time="0.000"/>
	<testcase classname="matrix_tests.MatrixTest" name="testScalarMultiplication" time="0.001">
		<failure message="Lists differ: [3, 6] != [6, 3]

First differing element 0:
3
6

- [3, 6]
+ [6, 3]" type="AssertionError">
<![CDATA[Traceback (most recent call last):
  File "/home/hyttijan/MatrixCalculator/src/unittest/python/matrix_tests.py", line 19, in testScalarMultiplication
    self.assertEqual(self.matrix.matrix[0],[6,3])
AssertionError: Lists differ: [3, 6] != [6, 3]

First differing element 0:
3
6

- [3, 6]
+ [6, 3]
]]>		</failure>
	</testcase>
	<system-out>
<![CDATA[]]>	</system-out>
	<system-err>
<![CDATA[]]>	</system-err>
</testsuite>
