<?xml version="1.0" encoding="UTF-8"?>
<testsuite errors="0" failures="0" name="matrix_tests.MatrixTest-20170408034753" skipped="0" tests="9" time="0.002">
	<testcase classname="matrix_tests.MatrixTest" name="testChangeRows" time="0.000"/>
	<testcase classname="matrix_tests.MatrixTest" name="testCountDeterminant" time="0.001"/>
	<testcase classname="matrix_tests.MatrixTest" name="testEchelonFormAndReducedEchelonForm" time="0.000"/>
	<testcase classname="matrix_tests.MatrixTest" name="testInvertMatrix" time="0.000"/>
	<testcase classname="matrix_tests.MatrixTest" name="testMatrixMultiplication" time="0.000"/>
	<testcase classname="matrix_tests.MatrixTest" name="testMultiplyRows" time="0.000"/>
	<testcase classname="matrix_tests.MatrixTest" name="testPrintMatrix" time="0.000"/>
	<testcase classname="matrix_tests.MatrixTest" name="testScalarMultiplication" time="0.000"/>
	<testcase classname="matrix_tests.MatrixTest" name="testTranspose" time="0.000"/>
	<system-out>
<![CDATA[[ 3  3  -15  9  ]
[ 1  0  -2  1  ]
[ 2  -1  -1  0  ]

]]>	</system-out>
	<system-err>
<![CDATA[]]>	</system-err>
</testsuite>
