<?xml version="1.0" encoding="UTF-8"?>
<testsuite errors="0" failures="1" name="matrix_tests.MatrixTest-20170408180002" skipped="0" tests="11" time="0.002">
	<testcase classname="matrix_tests.MatrixTest" name="testAttachMatrices" time="0.000"/>
	<testcase classname="matrix_tests.MatrixTest" name="testChangeRows" time="0.000"/>
	<testcase classname="matrix_tests.MatrixTest" name="testCountDeterminant" time="0.000"/>
	<testcase classname="matrix_tests.MatrixTest" name="testEchelonFormAndReducedEchelonForm" time="0.000"/>
	<testcase classname="matrix_tests.MatrixTest" name="testInvertMatrix" time="0.000"/>
	<testcase classname="matrix_tests.MatrixTest" name="testMatrixMultiplication" time="0.000"/>
	<testcase classname="matrix_tests.MatrixTest" name="testMultiplyRows" time="0.000"/>
	<testcase classname="matrix_tests.MatrixTest" name="testPrintMatrix" time="0.000"/>
	<testcase classname="matrix_tests.MatrixTest" name="testScalarMultiplication" time="0.000"/>
	<testcase classname="matrix_tests.MatrixTest" name="testTranspose" time="0.000"/>
	<testcase classname="matrix_tests.MatrixTest" name="testFormOneMatrixList" time="0.001">
		<failure message="Lists differ: [0, 0, 1] != [1, 0, 1]

First differing element 0:
0
1

- [0, 0, 1]
+ [1, 0, 1]" type="AssertionError">
<![CDATA[Traceback (most recent call last):
  File "/home/hyttijan/MatrixCalculator/src/unittest/python/matrix_tests.py", line 83, in testFormOneMatrixList
    self.assertEqual(oneMatrixList[2],[1,0,1])
AssertionError: Lists differ: [0, 0, 1] != [1, 0, 1]

First differing element 0:
0
1

- [0, 0, 1]
+ [1, 0, 1]
]]>		</failure>
	</testcase>
	<system-out>
<![CDATA[[ 3  3  -15  9  ]
[ 1  0  -2  1  ]
[ 2  -1  -1  0  ]

]]>	</system-out>
	<system-err>
<![CDATA[]]>	</system-err>
</testsuite>
