<?xml version="1.0" encoding="UTF-8"?>
<testsuite errors="0" failures="0" name="matrix_tests.MatrixTest-20170322161029" skipped="0" tests="4" time="0.000">
	<testcase classname="matrix_tests.MatrixTest" name="testChangeRows" time="0.000"/>
	<testcase classname="matrix_tests.MatrixTest" name="testMultiplyRows" time="0.000"/>
	<testcase classname="matrix_tests.MatrixTest" name="testPrintMatrix" time="0.000"/>
	<testcase classname="matrix_tests.MatrixTest" name="testScalarMultiplication" time="0.000"/>
	<system-out>
<![CDATA[[ 1  2  ]
[ 2  1  ]

[]
]]>	</system-out>
	<system-err>
<![CDATA[]]>	</system-err>
</testsuite>
